[0;32må·¥ç¨‹é…ç½®ç®¡ç†è„šæœ¬

ä½¿ç”¨æ–¹æ³•: ./scripts/config.sh [å‘½ä»¤]

æ ¸å¿ƒå‘½ä»¤:
  init     å®Œæ•´åˆå§‹åŒ– (å¤‡ä»½â†’å®‰è£…â†’è¦†ç›–)
  clean    æ¸…ç†å·¥ç¨‹ (åˆ é™¤åŒ…+æ¢å¤é…ç½®)
  backup   å¤‡ä»½åŸå§‹é…ç½®æ–‡ä»¶
  install  ä»…å®‰è£…è½¯ä»¶åŒ…
  download ä¸‹è½½è¿œç¨‹è½¯ä»¶åŒ…
  help     æ˜¾ç¤ºå¸®åŠ©ä¿¡æ¯

é…ç½®æ–‡ä»¶:
  åŒ…é…ç½®æ–‡ä»¶: packages.config
  ä¸‹è½½é…ç½®: download.config
  èµ„æºç›®å½•: resources[0m
[0;34m[12:50:37] INFO: å¼€å§‹æ¸…ç†å·¥ç¨‹[0m
[0;32m[12:50:37] SUCCESS: å·²åˆ é™¤: src/package/own[0m
[0;32m[12:50:37] SUCCESS: å·²æ¢å¤: src/feeds.conf.default[0m
[0;32m[12:50:37] SUCCESS: å·²æ¢å¤: src/package/lean/default-settings/files/zzz-default-settings[0m
[0;32m[12:50:37] SUCCESS: æ¸…ç†æ“ä½œå®Œæˆ[0m
[0;34m[12:51:21] INFO: å¼€å§‹ä¸‹è½½è½¯ä»¶åŒ…[0m
[0;33m[12:51:21] WARNING: è·³è¿‡å·²å­˜åœ¨åŒ…: luci-app-wrtbwmon[0m
[0;33m[12:51:21] WARNING: è·³è¿‡å·²å­˜åœ¨åŒ…: lede[0m
[0;33m[12:51:21] WARNING: è·³è¿‡å·²å­˜åœ¨åŒ…: wechatpush[0m
[0;33m[12:51:21] WARNING: è·³è¿‡å·²å­˜åœ¨åŒ…: sirpdboy-package[0m
[0;33m[12:51:21] WARNING: è·³è¿‡å·²å­˜åœ¨åŒ…: qmodem[0m
[0;33m[12:51:21] WARNING: è·³è¿‡å·²å­˜åœ¨åŒ…: openclash[0m
[0;34m[12:52:10] INFO: å¼€å§‹åˆå§‹åŒ–æµç¨‹[0m
[0;34m[12:52:10] INFO: å¼€å§‹ç³»ç»Ÿå¤‡ä»½[0m
[0;32m[12:52:10] SUCCESS: å¤‡ä»½æˆåŠŸ: resources/backups/feeds.conf.default.1740804730.bak[0m
[0;32m[12:52:10] SUCCESS: å¤‡ä»½æˆåŠŸ: resources/backups/zzz-default-settings.1740804730.bak[0m
[0;34m[12:52:10] INFO: å¼€å§‹å®‰è£…è½¯ä»¶åŒ…[0m
[0;32m[12:52:10] SUCCESS: å®‰è£…æˆåŠŸ: luci-app-wrtbwmon â†’ src/package/own/luci-app-wrtbwmon[0m
[0;32m[12:52:10] SUCCESS: å®‰è£…æˆåŠŸ: qmodem â†’ src/package/own/qmodem[0m
[0;32m[12:52:10] SUCCESS: å®‰è£…æˆåŠŸ: luci-app-openclash â†’ src/package/own/luci-app-openclash[0m
[0;32m[12:52:10] SUCCESS: å®‰è£…æˆåŠŸ: sirpdboy-package/wrtbwmon â†’ src/package/own/sirpdboy-package/wrtbwmon[0m
[0;32m[12:52:10] SUCCESS: å®‰è£…æˆåŠŸ: luci-app-wechatpush â†’ src/package/own/luci-app-wechatpush[0m
[0;34m[12:52:10] INFO: å®‰è£…å®Œæˆ (æˆåŠŸ: 5/5)[0m
[0;34m[12:52:10] INFO: å¼€å§‹è¦†ç›–é…ç½®æ–‡ä»¶[0m
[0;32m[12:52:10] SUCCESS: å·²è¦†ç›– feeds.conf.default[0m
[0;32m[12:52:10] SUCCESS: å·²è¦†ç›– zzz-default-settings[0m
[0;32m[12:52:10] SUCCESS: å·¥ç¨‹åˆå§‹åŒ–å®Œæˆ[0m
[0;34m[14:07:55] INFO: å¼€å§‹æ¸…ç†å·¥ç¨‹[0m
[0;32m[14:07:55] SUCCESS: å·²åˆ é™¤: src/package/own[0m
[0;32m[14:07:55] SUCCESS: å·²æ¢å¤: src/feeds.conf.default[0m
[0;32m[14:07:55] SUCCESS: å·²æ¢å¤: src/package/lean/default-settings/files/zzz-default-settings[0m
[0;32m[14:07:55] SUCCESS: æ¸…ç†æ“ä½œå®Œæˆ[0m
[0;34m[14:11:11] INFO: å¼€å§‹æ¸…ç†å·¥ç¨‹[0m
[0;32m[14:11:11] SUCCESS: å·²æ¢å¤: src/feeds.conf.default[0m
[0;32m[14:11:11] SUCCESS: å·²æ¢å¤: src/package/lean/default-settings/files/zzz-default-settings[0m
[0;32m[14:11:11] SUCCESS: æ¸…ç†æ“ä½œå®Œæˆ[0m
[0;34m[14:11:37] INFO: å¼€å§‹æ¸…ç†å·¥ç¨‹[0m
[0;32m[14:11:37] SUCCESS: å·²æ¢å¤: src/feeds.conf.default[0m
[0;32m[14:11:37] SUCCESS: å·²æ¢å¤: src/package/lean/default-settings/files/zzz-default-settings[0m
[0;32m[14:11:37] SUCCESS: æ¸…ç†æ“ä½œå®Œæˆ[0m
[0;34m[14:11:59] INFO: å¼€å§‹åˆå§‹åŒ–æµç¨‹[0m
[0;34m[14:11:59] INFO: å¼€å§‹å®‰è£…è½¯ä»¶åŒ…[0m
[0;32m[14:11:59] SUCCESS: å®‰è£…æˆåŠŸ: luci-app-wrtbwmon â†’ src/package/own/luci-app-wrtbwmon[0m
[0;32m[14:11:59] SUCCESS: å®‰è£…æˆåŠŸ: qmodem â†’ src/package/own/qmodem[0m
[0;32m[14:12:00] SUCCESS: å®‰è£…æˆåŠŸ: luci-app-openclash â†’ src/package/own/luci-app-openclash[0m
[0;32m[14:12:00] SUCCESS: å®‰è£…æˆåŠŸ: sirpdboy-package/wrtbwmon â†’ src/package/own/sirpdboy-package/wrtbwmon[0m
[0;32m[14:12:00] SUCCESS: å®‰è£…æˆåŠŸ: luci-app-wechatpush â†’ src/package/own/luci-app-wechatpush[0m
[0;34m[14:12:00] INFO: å®‰è£…å®Œæˆ (æˆåŠŸ: 5/5)[0m
[0;34m[14:12:00] INFO: å¼€å§‹è¦†ç›–é…ç½®æ–‡ä»¶[0m
[0;32m[14:12:00] SUCCESS: å·²è¦†ç›– feeds.conf.default[0m
[0;32m[14:12:00] SUCCESS: å·²è¦†ç›– zzz-default-settings[0m
[0;32m[14:12:00] SUCCESS: å·¥ç¨‹åˆå§‹åŒ–å®Œæˆ[0m
[0;34m[15:03:43] INFO: å¼€å§‹æ¸…ç†å·¥ç¨‹[0m
[0;32m[15:03:43] SUCCESS: å·²åˆ é™¤: src/package/own[0m
[0;32m[15:03:43] SUCCESS: å·²æ¢å¤: src/feeds.conf.default[0m
[0;32m[15:03:43] SUCCESS: å·²æ¢å¤: src/package/lean/default-settings/files/zzz-default-settings[0m
[0;32m[15:03:43] SUCCESS: æ¸…ç†æ“ä½œå®Œæˆ[0m
[0;34m[15:03:48] INFO: å¼€å§‹åˆå§‹åŒ–æµç¨‹[0m
[0;34m[15:03:48] INFO: å¼€å§‹å®‰è£…è½¯ä»¶åŒ…[0m
[0;32m[15:03:48] SUCCESS: å®‰è£…æˆåŠŸ: luci-app-wrtbwmon â†’ src/package/own/luci-app-wrtbwmon[0m
[0;32m[15:03:48] SUCCESS: å®‰è£…æˆåŠŸ: qmodem â†’ src/package/own/qmodem[0m
[0;32m[15:03:48] SUCCESS: å®‰è£…æˆåŠŸ: sirpdboy-package/wrtbwmon â†’ src/package/own/sirpdboy-package/wrtbwmon[0m
[0;32m[15:03:48] SUCCESS: å®‰è£…æˆåŠŸ: luci-app-wechatpush â†’ src/package/own/luci-app-wechatpush[0m
[0;34m[15:03:48] INFO: å®‰è£…å®Œæˆ (æˆåŠŸ: 4/4)[0m
[0;34m[15:03:48] INFO: å¼€å§‹è¦†ç›–é…ç½®æ–‡ä»¶[0m
[0;32m[15:03:48] SUCCESS: å·²è¦†ç›– feeds.conf.default[0m
[0;32m[15:03:48] SUCCESS: å·²è¦†ç›– zzz-default-settings[0m
[0;32m[15:03:48] SUCCESS: å·¥ç¨‹åˆå§‹åŒ–å®Œæˆ[0m
